<?xml version="1.0" encoding="UTF-8"?>
<!-- Generated by org.testng.reporters.JUnitReportReporter -->
<testsuite hostname="Deccansoft-6" name="Aamresh_Maven_project.AppTest" tests="1" failures="0" timestamp="12 Jan 2018 06:57:31 GMT" time="91.139" errors="0">
  <testcase name="OpenBrowser" time="91.139" classname="Aamresh_Maven_project.AppTest"/>
</testsuite> <!-- Aamresh_Maven_project.AppTest -->
