<?xml version="1.0" encoding="UTF-8"?>
<!-- Generated by org.testng.reporters.JUnitReportReporter -->
<testsuite hostname="Deccansoft-6" name="Aamresh_Maven_project.AppTest" tests="1" failures="0" timestamp="11 Jan 2018 05:40:41 GMT" time="58.263" errors="0">
  <testcase name="OpenBrowser" time="58.263" classname="Aamresh_Maven_project.AppTest"/>
</testsuite> <!-- Aamresh_Maven_project.AppTest -->
