<?xml version="1.0" encoding="UTF-8"?>
<!-- Generated by org.testng.reporters.JUnitReportReporter -->
<testsuite hostname="Deccansoft-6" name="Aamresh_Maven_project.AppTest" tests="1" failures="0" timestamp="12 Jan 2018 05:50:57 GMT" time="46.744" errors="0">
  <testcase name="OpenBrowser" time="46.744" classname="Aamresh_Maven_project.AppTest"/>
</testsuite> <!-- Aamresh_Maven_project.AppTest -->
